0 info it worked if it ends with ok
1 verbose cli [ '/usr/bin/node', '/usr/bin/npm', 'run', 'server' ]
2 info using npm@3.5.2
3 info using node@v8.10.0
4 verbose run-script [ 'preserver', 'server', 'postserver' ]
5 info lifecycle fullstack_app@1.0.0~preserver: fullstack_app@1.0.0
6 silly lifecycle fullstack_app@1.0.0~preserver: no script for preserver, continuing
7 info lifecycle fullstack_app@1.0.0~server: fullstack_app@1.0.0
8 verbose lifecycle fullstack_app@1.0.0~server: unsafe-perm in lifecycle true
9 verbose lifecycle fullstack_app@1.0.0~server: PATH: /usr/share/npm/bin/node-gyp-bin:/home/abdulbasit/react/fullstack_app/node_modules/.bin:/usr/share/npm/bin/node-gyp-bin:/home/abdulbasit/react/fullstack_app/node_modules/.bin:/home/abdulbasit/.cargo/bin:/usr/local/sbin:/usr/local/bin:/usr/sbin:/usr/bin:/sbin:/bin:/usr/games:/usr/local/games:/snap/bin
10 verbose lifecycle fullstack_app@1.0.0~server: CWD: /home/abdulbasit/react/fullstack_app
11 silly lifecycle fullstack_app@1.0.0~server: Args: [ '-c', 'cd cl  ' ]
12 silly lifecycle fullstack_app@1.0.0~server: Returned: code: 2  signal: null
13 info lifecycle fullstack_app@1.0.0~server: Failed to exec server script
14 verbose stack Error: fullstack_app@1.0.0 server: `cd cl  `
14 verbose stack Exit status 2
14 verbose stack     at EventEmitter.<anonymous> (/usr/share/npm/lib/utils/lifecycle.js:232:16)
14 verbose stack     at emitTwo (events.js:126:13)
14 verbose stack     at EventEmitter.emit (events.js:214:7)
14 verbose stack     at ChildProcess.<anonymous> (/usr/share/npm/lib/utils/spawn.js:24:14)
14 verbose stack     at emitTwo (events.js:126:13)
14 verbose stack     at ChildProcess.emit (events.js:214:7)
14 verbose stack     at maybeClose (internal/child_process.js:925:16)
14 verbose stack     at Process.ChildProcess._handle.onexit (internal/child_process.js:209:5)
15 verbose pkgid fullstack_app@1.0.0
16 verbose cwd /home/abdulbasit/react/fullstack_app
17 error Linux 5.0.0-37-generic
18 error argv "/usr/bin/node" "/usr/bin/npm" "run" "server"
19 error node v8.10.0
20 error npm  v3.5.2
21 error code ELIFECYCLE
22 error fullstack_app@1.0.0 server: `cd cl  `
22 error Exit status 2
23 error Failed at the fullstack_app@1.0.0 server script 'cd cl  '.
23 error Make sure you have the latest version of node.js and npm installed.
23 error If you do, this is most likely a problem with the fullstack_app package,
23 error not with npm itself.
23 error Tell the author that this fails on your system:
23 error     cd cl
23 error You can get information on how to open an issue for this project with:
23 error     npm bugs fullstack_app
23 error Or if that isn't available, you can get their info via:
23 error     npm owner ls fullstack_app
23 error There is likely additional logging output above.
24 verbose exit [ 1, true ]
